\BOOKMARK [0][-]{chapter*.1}{D\351dicaces}{}% 1
\BOOKMARK [0][-]{chapter*.2}{Remerciements}{}% 2
\BOOKMARK [0][-]{chapter*.3}{R\351sum\351}{}% 3
\BOOKMARK [0][-]{chapter*.4}{Abstract}{}% 4
\BOOKMARK [0][-]{chapter*.8}{Introduction g\351n\351rale}{}% 5
\BOOKMARK [0][-]{chapter.1}{Les m\351thodes de r\351solution exactes et heuristiques}{}% 6
\BOOKMARK [1][-]{section.1.1}{Introduction}{chapter.1}% 7
\BOOKMARK [1][-]{section.1.2}{Notions de compl\351xit\351}{chapter.1}% 8
\BOOKMARK [1][-]{section.1.3}{Les m\351thodes exactes}{chapter.1}% 9
\BOOKMARK [2][-]{subsection.1.3.1}{La m\351thode du Simplexe}{section.1.3}% 10
\BOOKMARK [2][-]{subsection.1.3.2}{La M\351thode de S\351paration et d'Evauation}{section.1.3}% 11
\BOOKMARK [2][-]{subsection.1.3.3}{Methode des coupes planes ou cutting planes m\351thod}{section.1.3}% 12
\BOOKMARK [2][-]{subsection.1.3.4}{La m\351thode de Branch \046 Cut}{section.1.3}% 13
\BOOKMARK [1][-]{section.1.4}{Les heuristiques}{chapter.1}% 14
\BOOKMARK [1][-]{section.1.5}{Limites}{chapter.1}% 15
\BOOKMARK [1][-]{section.1.6}{Conclusion}{chapter.1}% 16
\BOOKMARK [0][-]{chapter.2}{Les m\351taheuristiques}{}% 17
\BOOKMARK [1][-]{subsection.2.0.1}{Introduction}{chapter.2}% 18
\BOOKMARK [2][-]{subsection.2.0.2}{M\351thodes \340 base de populations}{subsection.2.0.1}% 19
\BOOKMARK [3][-]{section*.10}{Colonies des fourmis}{subsection.2.0.2}% 20
\BOOKMARK [3][-]{section*.11}{Les algo-g\351n\351tiques}{subsection.2.0.2}% 21
\BOOKMARK [2][-]{subsection.2.0.3}{Methodes simples}{subsection.2.0.1}% 22
\BOOKMARK [3][-]{section*.12}{Recuit simil\351}{subsection.2.0.3}% 23
\BOOKMARK [3][-]{section*.13}{Metroplis}{subsection.2.0.3}% 24
\BOOKMARK [2][-]{subsection.2.0.4}{conclusion}{subsection.2.0.1}% 25
\BOOKMARK [0][-]{chapter.3}{Exemples pratiques d'applications}{}% 26
\BOOKMARK [1][-]{subsection.3.0.5}{Introduction}{chapter.3}% 27
\BOOKMARK [2][-]{subsection.3.0.6}{Example 1}{subsection.3.0.5}% 28
\BOOKMARK [2][-]{subsection.3.0.7}{Example 2}{subsection.3.0.5}% 29
\BOOKMARK [2][-]{subsection.3.0.8}{Example 3}{subsection.3.0.5}% 30
\BOOKMARK [2][-]{subsection.3.0.9}{conclusion}{subsection.3.0.5}% 31
\BOOKMARK [0][-]{chapter*.14}{Conclusion}{}% 32
\BOOKMARK [0][-]{chapter*.15}{References}{}% 33
\BOOKMARK [0][-]{chapter*.15}{Bibliographie}{}% 34
